-93 0
-92.5 0
-92 0
-91.5 0
-91 0
-90.5 0
-90 0
-89.5 0
-89 0
-88.5 0
-88 0
-87.5 0
-87 0
-86.5 0
-86 0
-85.5 0
-85 0
-84.5 0
-84 0
-83.5 0
-83 0
-82.5 0
-82 0
-81.5 0
-81 0
-80.5 0
-80 0
-79.5 0
-79 0
-78.5 0
-78 0
-77.5 0
-77 0
-76.5 0
-76 0
-75.5 0
-75 0
-74.5 0
-74 0
-73.5 0
-73 0
-72.5 0
-72 0
-71.5 0
-71 0
-70.5 0
-70 0
-69.5 0
-69 0
-68.5 0
-68 0
-67.5 0
-67 0
-66.5 0
-66 0
-65.5 0
-65 0
-64.5 0
-64 0
-63.5 0
-63 0
-62.5 0
-62 0
-61.5 0
-61 0
-60.5 0
-60 0
-59.5 0
-59 0
-58.5 0
-58 0
-57.5 0
-57 0
-56.5 0
-56 0
-55.5 0
-55 0
-54.5 0
-54 0
-53.5 0
-53 0
-52.5 0
-52 0
-51.5 0
-51 0
-50.5 0
-50 0
-49.5 5.81401e-06
-49 3.66587e-05
-48.5 9.25339e-05
-48 0.000325474
-47.5 0.000537259
-47 0.000891475
-46.5 0.00143817
-46 0.00249483
-45.5 0.00368061
-45 0.00584954
-44.5 0.00923088
-44 0.0137386
-43.5 0.0200912
-43 0.0290148
-42.5 0.0395743
-42 0.054949
-41.5 0.0747583
-41 0.0966484
-40.5 0.121234
-40 0.14961
-39.5 0.177519
-39 0.205227
-38.5 0.236587
-38 0.271544
-37.5 0.307757
-37 0.350107
-36.5 0.395438
-36 0.446202
-35.5 0.499505
-35 0.55505
-34.5 0.613233
-34 0.670667
-33.5 0.727375
-33 0.780576
-32.5 0.835939
-32 0.888496
-31.5 0.938213
-31 0.984392
-30.5 1.02224
-30 1.0575
-29.5 1.09062
-29 1.11918
-28.5 1.14127
-28 1.15431
-27.5 1.17443
-27 1.1867
-26.5 1.20093
-26 1.20796
-25.5 1.21549
-25 1.2232
-24.5 1.22681
-24 1.23114
-23.5 1.2267
-23 1.23104
-22.5 1.23207
-22 1.23678
-21.5 1.2399
-21 1.23786
-20.5 1.2424
-20 1.25486
-19.5 1.26501
-19 1.26799
-18.5 1.26796
-18 1.2672
-17.5 1.25775
-17 1.25386
-16.5 1.25493
-16 1.25166
-15.5 1.24928
-15 1.24747
-14.5 1.25293
-14 1.2617
-13.5 1.27093
-13 1.27054
-12.5 1.27175
-12 1.27434
-11.5 1.27325
-11 1.27856
-10.5 1.2742
-10 1.26477
-9.5 1.26469
-9 1.27483
-8.5 1.27603
-8 1.26797
-7.5 1.26634
-7 1.26262
-6.5 1.27122
-6 1.27766
-5.5 1.28001
-5 1.27358
-4.5 1.26923
-4 1.2691
-3.5 1.2698
-3 1.2722
-2.5 1.27369
-2 1.27085
-1.5 1.2672
-1 1.27034
-0.5 1.26657
0 1.26308
0.5 1.26522
1 1.26796
1.5 1.26306
2 1.26624
2.5 1.26665
3 1.26458
3.5 1.26766
4 1.27696
4.5 1.27697
5 1.26934
5.5 1.26628
6 1.26273
6.5 1.26298
7 1.26681
7.5 1.26825
8 1.25812
8.5 1.25592
9 1.25606
9.5 1.25821
10 1.25526
10.5 1.24898
11 1.25273
11.5 1.2588
12 1.26556
12.5 1.26599
13 1.26565
13.5 1.26584
14 1.27401
14.5 1.28305
15 1.28366
15.5 1.27454
16 1.2757
16.5 1.27742
17 1.2858
17.5 1.28267
18 1.27585
18.5 1.26914
19 1.26453
19.5 1.27
20 1.26872
20.5 1.27128
21 1.27228
21.5 1.27906
22 1.28521
22.5 1.29138
23 1.29266
23.5 1.28528
24 1.28749
24.5 1.27952
25 1.27659
25.5 1.2684
26 1.26226
26.5 1.25638
27 1.25818
27.5 1.26013
28 1.25051
28.5 1.23917
29 1.22581
29.5 1.2175
30 1.21005
30.5 1.19983
31 1.18188
31.5 1.1606
32 1.13837
32.5 1.11988
33 1.09183
33.5 1.05845
34 1.01097
34.5 0.964243
35 0.913872
35.5 0.867853
36 0.821272
36.5 0.773838
37 0.723119
37.5 0.671499
38 0.624316
38.5 0.575564
39 0.52502
39.5 0.473449
40 0.424386
40.5 0.374655
41 0.330187
41.5 0.290426
42 0.255826
42.5 0.224913
43 0.195415
43.5 0.168266
44 0.14219
44.5 0.120282
45 0.100299
45.5 0.0823227
46 
46 
46 
46 0.066121
46.5 0.0520414
47 
47 
47 
47 
47 
47 0.0411059
47.5 0.0329405
48 0.0255994
48.5 0.0198316
49 0.0148991
49.5 0.0114105
50 0.00841435
50.5 0.00600708
51 0.00429811
51.5 0.00266238
52 0.00163656
52.5 0.00069738
53 0.000364234
53.5 0.000142675
54 1.1628e-05
54.5 3.87601e-06
55 0
55.5 0
56 0
56.5 0
57 0
57.5 0
58 0
58.5 0
59 0
59.5 0
60 0
60.5 0
61 0
61.5 0
62 0
62.5 0
63 0
63.5 0
64 0
64.5 0
65 0
65.5 0
66 0
66.5 0
67 0
67.5 0
68 0
68.5 0
69 0
69.5 0
70 0
70.5 0
71 0
71.5 0
72 0
72.5 0
73 0
73.5 0
74 0
74.5 0
75 0
75.5 0
76 0
76.5 0
77 0
77.5 0
78 0
78.5 0
79 0
79.5 0
80 0
80.5 0
81 0
81.5 0
82 0
82.5 0
83 0
83.5 0
84 0
84.5 0
85 0
85.5 0
86 0
86.5 0
87 0
87.5 0
88 0
88.5 0
89 0
89.5 0
90 0
90.5 0
91 0
91.5 0
92 0
92.5 0
93 0
