-93 0
-92.5 0
-92 0.00107567
-91.5 0.109482
-91 0.231916
-90.5 0.358779
-90 0.483098
-89.5 0.609152
-89 0.730949
-88.5 0.857543
-88 0.981259
-87.5 0.995372
-87 0.995653
-86.5 0.996019
-86 0.998846
-85.5 0.996338
-85 0.99586
-84.5 0.993961
-84 0.992557
-83.5 0.997415
-83 1.00064
-82.5 0.997938
-82 0.995999
-81.5 0.997058
-81 0.997723
-80.5 1.001
-80 1.00039
-79.5 0.998552
-79 0.998353
-78.5 0.99757
-78 0.997678
-77.5 0.997533
-77 1.00016
-76.5 0.999911
-76 1.00201
-75.5 1.00043
-75 0.99859
-74.5 0.99755
-74 0.997396
-73.5 0.999877
-73 0.999197
-72.5 0.995783
-72 0.995629
-71.5 0.995688
-71 0.997795
-70.5 1.00013
-70 0.998889
-69.5 0.996722
-69 0.999997
-68.5 1.00014
-68 0.999932
-67.5 1.00037
-67 1.00109
-66.5 1.00094
-66 1.00071
-65.5 0.999082
-65 0.998986
-64.5 0.999449
-64 0.996582
-63.5 0.9964
-63 0.995405
-62.5 0.995206
-62 0.996574
-61.5 0.998228
-61 0.996179
-60.5 0.99613
-60 0.997946
-59.5 0.998789
-59 0.996635
-58.5 0.997792
-58 0.998458
-57.5 0.99746
-57 0.997339
-56.5 0.998968
-56 0.998077
-55.5 0.995206
-55 0.998655
-54.5 1.00006
-54 0.997521
-53.5 0.995823
-53 0.996861
-52.5 0.991398
-52 0.997313
-51.5 1.00146
-51 1.00013
-50.5 0.994686
-50 0.997102
-49.5 0.99898
-49 1.00143
-48.5 1.0035
-48 1.00008
-47.5 1.00017
-47 0.997644
-46.5 1.00057
-46 0.998239
-45.5 0.998029
-45 0.989727
-44.5 0.989553
-44 0.985353
-43.5 0.979208
-43 0.971833
-42.5 0.960629
-42 0.94827
-41.5 0.932048
-41 0.918861
-40.5 0.901587
-40 0.881638
-39.5 0.860147
-39 0.83771
-38.5 0.812395
-38 0.784252
-37.5 0.752437
-37 0.718515
-36.5 0.68001
-36 0.642047
-35.5 0.599944
-35 0.55862
-34.5 0.513572
-34 0.470253
-33.5 0.429099
-33 0.387351
-32.5 0.345774
-32 0.3064
-31.5 0.26863
-31 0.233869
-30.5 0.206483
-30 0.180191
-29.5 0.157823
-29 0.136933
-28.5 0.12075
-28 0.105041
-27.5 0.092364
-27 0.081282
-26.5 0.0701119
-26 0.0611682
-25.5 0.0524381
-25 0.0450935
-24.5 0.0389304
-24 0.0340883
-23.5 0.0306896
-23 0.0270317
-22.5 0.0243303
-22 0.022044
-21.5 0.0199966
-21 0.0184225
-20.5 0.016656
-20 0.0147498
-19.5 0.0129579
-19 0.0112186
-18.5 0.0098617
-18 0.00828417
-17.5 0.00703726
-17 0.00567481
-16.5 0.00436056
-16 0.00359807
-15.5 0.00264206
-15 0.00192438
-14.5 0.00147411
-14 0.00125273
-13.5 0.00113913
-13 0.00110837
-12.5 0.00096982
-12 0.000612073
-11.5 0.000461901
-11 0.000381001
-10.5 0.000282905
-10 0.000148235
-9.5 7.70241e-05
-9 7.75125e-06
-8.5 1.93781e-06
-8 0
-7.5 0
-7 0
-6.5 0
-6 0
-5.5 0
-5 0
-4.5 0
-4 0
-3.5 0
-3 0
-2.5 0
-2 0
-1.5 0
-1 0
-0.5 0
0 0
0.5 0
1 0
1.5 0
2 0
2.5 0
3 0
3.5 0
4 0
4.5 0
5 0
5.5 0
6 0
6.5 0
7 0
7.5 0
8 0
8.5 0
9 0
9.5 0
10 0
10.5 0
11 0
11.5 0
12 7.75125e-06
12.5 0.000184809
13 0.00035024
13.5 0.000419513
14 0.00054837
14.5 0.00058882
15 0.000669719
15.5 0.000769753
16 0.000869787
16.5 0.000825461
17 0.0007947
17.5 0.00085816
18 0.000733179
18.5 0.000692729
19 0.000611829
19.5 0.000511795
20 0.00040401
20.5 0.000271278
21 0.000136608
21.5 4.23877e-05
22 9.64023e-05
22.5 0.000404255
23 0.00101027
23.5 0.00134913
24 0.00198784
24.5 0.00288064
25 0.00417769
25.5 0.00603086
26 0.00889188
26.5 0.0122458
27 0.0159982
27.5 0.0201855
28 0.0252231
28.5 0.0308981
29 0.0371678
29.5 0.0456225
30 0.0553144
30.5 0.0655942
31 0.0780807
31.5 0.0929129
32 0.111842
32.5 0.133039
33 0.157373
33.5 0.185227
34 0.214448
34.5 0.248911
35 0.282756
35.5 0.319461
36 0.355033
36.5 0.396116
37 0.435224
37.5 0.471833
38 0.510066
38.5 0.547582
39 0.586754
39.5 0.6233
40 0.661145
40.5 0.694435
41 0.730018
41.5 0.762566
42 0.792459
42.5 0.818078
43 0.841605
43.5 0.865734
44 0.883788
44.5 0.903157
45 0.91741
45.5 0.930987
46 
46 
46 
46 0.941744
46.5 0.95399
47 
47 
47 
47 
47 
47 0.965599
47.5 0.970502
48 0.980661
48.5 0.98593
49 0.984913
49.5 0.990102
50 0.994201
50.5 0.994832
51 0.992945
51.5 0.997386
52 0.995724
52.5 0.99012
53 0.996715
53.5 0.99467
54 0.994565
54.5 0.996464
55 0.996629
55.5 0.99444
56 0.994958
56.5 0.999744
57 0.996497
57.5 0.997333
58 1.00007
58.5 0.996939
59 0.997466
59.5 0.998468
60 0.998729
60.5 0.997961
61 0.999029
61.5 0.998043
62 0.994926
62.5 0.997669
63 0.997091
63.5 0.998065
64 0.995982
64.5 0.996712
65 0.995289
65.5 0.99649
66 0.99704
66.5 0.993558
67 0.995693
67.5 0.991898
68 0.994106
68.5 0.992506
69 0.993834
69.5 0.99631
70 0.994845
70.5 0.99858
71 0.99767
71.5 1.00015
72 0.99792
72.5 0.998173
73 0.999798
73.5 0.998045
74 0.99817
74.5 0.99817
75 0.995305
75.5 0.997553
76 1.0005
76.5 0.999946
77 1.00315
77.5 1.00013
78 1.00079
78.5 0.998998
79 1.00204
79.5 0.997837
80 0.995832
80.5 0.998453
81 0.994949
81.5 0.998343
82 0.999429
82.5 0.996808
83 0.998728
83.5 1.00028
84 1.00167
84.5 0.99924
85 0.998734
85.5 0.99835
86 0.995921
86.5 0.999496
87 0.997848
87.5 1.00111
88 0.983661
88.5 0.860742
89 0.735774
89.5 0.60993
90 0.487077
90.5 0.361735
91 0.236834
91.5 0.109419
92 0.00128518
92.5 0
93 0
