-38.5 0
-38 0
-37.5 0
-37 0
-36.5 0
-36 0
-35.5 0
-35 0
-34.5 0
-34 0
-33.5 0
-33 0
-32.5 0
-32 0
-31.5 0
-31 0
-30.5 0
-30 0
-29.5 0
-29 0
-28.5 0
-28 0
-27.5 0
-27 0
-26.5 0
-26 0
-25.5 0
-25 0
-24.5 0
-24 0
-23.5 0
-23 0
-22.5 0
-22 0
-21.5 0
-21 0
-20.5 0
-20 0
-19.5 0
-19 0
-18.5 0
-18 0
-17.5 0
-17 0
-16.5 0
-16 0
-15.5 0
-15 0
-14.5 0
-14 0.000259148
-13.5 0.000259148
-13 0.000259148
-12.5 0.000259148
-12 0.000259148
-11.5 0.000259148
-11 0.000259148
-10.5 0.000259148
-10 0
-9.5 0
-9 0
-8.5 0
-8 0
-7.5 0
-7 0
-6.5 0
-6 0
-5.5 0
-5 0
-4.5 0
-4 0
-3.5 0
-3 0
-2.5 0
-2 0
-1.5 0
-1 0
-0.5 0
0 0
0.5 0
1 0
1.5 0
2 0
2.5 0
3 0
3.5 0
4 0
4.5 0
5 0
5.5 0
6 0
6.5 0
7 0
7.5 0
8 0
8.5 0
9 0
9.5 0
10 0
10.5 0
11 0
11.5 0
12 0
12.5 0
13 0
13.5 0
14 0
14.5 0
15 0
15.5 0
16 0
16.5 0
17 0.000518295
17.5 0.000777443
18 0.000777443
18.5 0.000777443
19 0.000777443
19.5 0.00155489
20 0.00207318
20.5 0.00259148
21 0.00285062
21.5 0.00336892
22 0.00440551
22.5 0.0054421
23 0.00751528
23.5 0.00984761
24 0.0129574
24.5 0.017622
25 0.0243599
25.5 0.0329117
26 0.0437959
26.5 0.0559759
27 0.0671192
27.5 0.084223
28 0.10625
28.5 0.128019
29 0.147196
29.5 0.171297
30 0.19462
30.5 0.227272
31 0.265626
31.5 0.302425
32 0.339483
32.5 0.381724
33 0.438737
33.5 0.506633
34 0.575826
34.5 0.645018
35 0.722244
35.5 0.793769
36 0.881879
36.5 0.978541
37 1.05914
37.5 1.14051
38 1.22655
38.5 1.3131
39 1.39914
39.5 1.46833
40 1.54322
40.5 1.59713
41 1.66658
41.5 1.72722
42 1.78164
42.5 1.81559
43 1.85705
43.5 1.90707
44 1.9462
44.5 1.98455
45 2.00995
45.5 2.03483
46 2.05582
46.5 2.0807
47 2.10557
47.5 2.12397
48 2.13563
48.5 2.15222
49 2.17373
49.5 2.1898
50 2.19342
50.5 2.20716
51 2.19835
51.5 2.21675
52 2.21623
52.5 2.21727
53 2.21157
53.5 2.2012
54 2.20405
54.5 2.22064
55 2.22115
55.5 2.21053
56 
56 2.21286
56.5 2.21286
57 
57 
57 
57 
57 
57 
57 
57 2.22841
57.5 2.23022
58 2.23567
58.5 2.22789
59 2.22685
59.5 2.22841
60 2.22426
60.5 2.23878
61 2.22841
61.5 2.21312
62 2.22193
62.5 2.21856
63 2.22582
63.5 2.23541
64 2.22349
64.5 2.22349
65 2.22582
65.5 2.22815
66 2.2139
66.5 2.21208
67 2.23826
67.5 2.22685
68 2.24733
68.5 2.2323
69 2.22064
69.5 2.23748
70 2.24137
70.5 2.24111
71 2.23074
71.5 2.24085
72 2.22556
72.5 2.22582
73 2.22893
73.5 2.23204
74 2.22685
74.5 2.238
75 2.21467
75.5 2.20794
76 2.22452
76.5 2.22737
77 2.22711
77.5 2.21623
78 2.22919
78.5 2.21364
79 2.22297
79.5 2.21597
80 2.20457
80.5 2.21053
81 2.21701
81.5 2.2253
82 2.22634
82.5 2.21804
83 2.22219
83.5 2.22815
84 2.24396
84.5 2.23541
85 2.23178
85.5 2.22323
86 2.21131
86.5 2.23489
87 2.22271
87.5 2.23567
88 2.2126
88.5 2.20897
89 2.20871
89.5 2.21442
90 2.22245
90.5 2.22167
91 2.231
91.5 2.20327
92 2.20897
92.5 2.22349
93 2.23152
93.5 2.23385
94 2.22012
94.5 2.21312
95 2.21027
95.5 2.231
96 2.22945
96.5 2.23307
97 2.22608
97.5 2.2012
98 2.21986
98.5 2.22064
99 2.21934
99.5 2.20975
100 2.21442
100.5 2.21182
101 2.20742
101.5 2.23411
102 2.21675
102.5 2.21338
103 2.22038
103.5 2.23541
104 2.22996
104.5 2.20949
105 2.21157
105.5 2.22996
106 2.23463
106.5 2.2266
107 2.22478
107.5 2.21157
108 2.22375
108.5 2.23981
109 2.24007
109.5 2.22271
110 2.2196
110.5 2.22815
111 2.20897
111.5 2.21986
112 2.22634
112.5 2.21804
113 2.21597
113.5 2.21493
114 2.21182
114.5 2.21908
115 2.22556
115.5 2.21182
116 2.20846
116.5 2.21804
117 2.2266
117.5 2.20586
118 2.21286
118.5 2.21338
119 2.20664
119.5 2.22737
120 2.22945
120.5 2.22089
121 2.2082
121.5 2.21778
122 2.22841
122.5 2.22115
123 2.24422
123.5 2.23515
124 2.21467
124.5 2.2139
125 2.22193
125.5 2.23307
126 2.21649
126.5 2.23048
127 2.22245
127.5 2.21908
128 2.22167
128.5 2.22297
129 2.21882
129.5 2.21675
130 2.23489
130.5 2.21467
131 2.21467
131.5 2.2082
132 2.21442
132.5 2.21493
133 2.22219
133.5 2.21053
134 2.19913
134.5 2.19032
135 2.17088
135.5 2.15922
136 2.15507
136.5 2.14004
137 2.11024
137.5 2.07188
138 2.04752
138.5 2.03353
139 2.00839
139.5 1.97315
140 1.92391
140.5 1.89385
141 1.85057
141.5 1.81481
142 1.74199
142.5 1.66399
143 1.5935
143.5 1.52094
144 1.43309
144.5 1.3315
145 1.24132
145.5 1.15165
146 1.07857
146.5 0.999273
147 0.917641
147.5 0.83912
148 0.770446
148.5 0.692442
149 0.625323
149.5 0.571679
150 0.512335
150.5 0.455063
151 0.402197
151.5 0.356069
152 0.315901
152.5 0.284803
153 0.254224
153.5 0.222089
154 0.193065
154.5 0.170001
155 0.156525
155.5 0.145123
156 0.136312
156.5 0.124391
157 0.114543
157.5 0.101586
158 0.0904425
158.5 0.0826681
159 0.0710064
159.5 0.0575308
160 0.0463874
160.5 0.0399087
161 0.0329117
161.5 0.029802
162 0.0259148
162.5 0.0230641
163 0.020991
163.5 0.0173629
164 0.0129574
164.5 0.0101068
165 0.00777443
165.5 0.00570125
166 0.00440551
166.5 0.00259148
167 0.000518295
167.5 0
168 0
168.5 0
169 0
169.5 0
170 0
170.5 0
171 0
171.5 0
172 0
172.5 0
173 0
173.5 0
174 0
174.5 0
175 0
175.5 0
176 0
176.5 0
177 0
177.5 0
178 0
178.5 0
179 0
179.5 0
180 0
180.5 0
181 0
181.5 0
182 0
182.5 0
183 0
183.5 0
184 0
184.5 0
185 0
185.5 0
186 0
186.5 0
187 0
187.5 0
188 0
188.5 0
