-38.5 0
-38 0
-37.5 0
-37 0
-36.5 0
-36 0
-35.5 0
-35 0
-34.5 0
-34 0
-33.5 0
-33 0
-32.5 0
-32 0
-31.5 0
-31 0
-30.5 0
-30 0
-29.5 0
-29 0
-28.5 0
-28 0
-27.5 0
-27 0
-26.5 0
-26 0
-25.5 0
-25 0
-24.5 0
-24 0
-23.5 0
-23 0
-22.5 0
-22 0
-21.5 0
-21 0
-20.5 0
-20 0
-19.5 0
-19 0
-18.5 0
-18 0.0260023
-17.5 0.193153
-17 0.338445
-16.5 0.497425
-16 0.65661
-15.5 0.797963
-15 0.943627
-14.5 1.07672
-14 1.21769
-13.5 1.21507
-13 1.23581
-12.5 1.24214
-12 1.2589
-11.5 1.26601
-11 1.27336
-10.5 1.29252
-10 1.27454
-9.5 1.26142
-9 1.22985
-8.5 1.22375
-8 1.21428
-7.5 1.23743
-7 1.23953
-6.5 1.25298
-6 1.25657
-5.5 1.24588
-5 1.25673
-4.5 1.24098
-4 1.25391
-3.5 1.24786
-3 1.25682
-2.5 1.24899
-2 1.2505
-1.5 1.26471
-1 1.27809
-0.5 1.28771
0 1.26261
0.5 1.24994
1 1.23368
1.5 1.22795
2 1.21371
2.5 1.22198
3 1.2271
3.5 1.24768
4 1.25248
4.5 1.24058
5 1.23661
5.5 1.24961
6 1.2675
6.5 1.24805
7 1.22037
7.5 1.18648
8 1.20937
8.5 1.22403
9 1.22984
9.5 1.21818
10 1.20648
10.5 1.21471
11 1.24449
11.5 1.25826
12 1.22277
12.5 1.23604
13 1.23449
13.5 1.2525
14 1.26176
14.5 1.24885
15 1.22786
15.5 1.22539
16 1.23861
16.5 1.21305
17 1.21913
17.5 1.18879
18 1.21217
18.5 1.25134
19 1.2696
19.5 1.25268
20 1.24584
20.5 1.24574
21 1.25123
21.5 1.27222
22 1.23381
22.5 1.21282
23 1.20863
23.5 1.2188
24 1.22673
24.5 1.23721
25 1.20979
25.5 1.18349
26 1.20645
26.5 1.20831
27 1.19968
27.5 1.18323
28 1.14689
28.5 1.1306
29 1.15763
29.5 1.16004
30 1.14882
30.5 1.12265
31 1.10489
31.5 1.10656
32 1.1062
32.5 1.08368
33 1.03736
33.5 1.01623
34 0.959838
34.5 0.921905
35 0.875876
35.5 0.816548
36 0.75596
36.5 0.696452
37 0.641639
37.5 0.585838
38 0.548661
38.5 0.496747
39 0.450207
39.5 0.414841
40 0.378306
40.5 0.352034
41 0.319399
41.5 0.282145
42 0.236181
42.5 0.205508
43 0.182211
43.5 0.159851
44 0.146535
44.5 0.128679
45 0.111566
45.5 0.0928755
46 0.0847299
46.5 0.0766741
47 0.062974
47.5 0.0513258
48 0.0406013
48.5 0.0306207
49 0.023129
49.5 0.0196141
50 0.0157272
50.5 0.0113785
51 0.00869739
51.5 0.00832545
52 0.00573421
52.5 0.00481053
53 0.00388686
53.5 0.00203951
54 0.00157767
54.5 0.00157767
55 0.00120572
55.5 0.000743887
56 
56 0.000371943
56.5 0
57 
57 
57 
57 
57 
57 
57 
57 0
57.5 0
58 0
58.5 0
59 0
59.5 0
60 0
60.5 0
61 0
61.5 0
62 0
62.5 0
63 0
63.5 0
64 0
64.5 0
65 0
65.5 0
66 0
66.5 0
67 0
67.5 0
68 0
68.5 0
69 0
69.5 0
70 0
70.5 0
71 0
71.5 0
72 0
72.5 0
73 0
73.5 0
74 0
74.5 0
75 0
75.5 0
76 0
76.5 0
77 0
77.5 0
78 0
78.5 0
79 0
79.5 0
80 0
80.5 0
81 0
81.5 0
82 0
82.5 0
83 0
83.5 0
84 0
84.5 0
85 0
85.5 0
86 0
86.5 0
87 0
87.5 0
88 0
88.5 0
89 0
89.5 0
90 0
90.5 0
91 0
91.5 0
92 0
92.5 0
93 0
93.5 0
94 0
94.5 0
95 0
95.5 0
96 0
96.5 0
97 0
97.5 0
98 0
98.5 0
99 0
99.5 0
100 0
100.5 0
101 0
101.5 0
102 0
102.5 0
103 0
103.5 0
104 0
104.5 0
105 0
105.5 0
106 0
106.5 0
107 0
107.5 0
108 0
108.5 0
109 0
109.5 0
110 0
110.5 0
111 0
111.5 0
112 0
112.5 0
113 0
113.5 0
114 0
114.5 0
115 0
115.5 0
116 0
116.5 0
117 0
117.5 0
118 0
118.5 0
119 0
119.5 0
120 0
120.5 0
121 0
121.5 0
122 0
122.5 0
123 0
123.5 0
124 0
124.5 0
125 0
125.5 0
126 0
126.5 0
127 0
127.5 0
128 0
128.5 0
129 0
129.5 0
130 0.000461838
130.5 0.000923676
131 0.00184735
131.5 0.00277103
132 0.00415654
132.5 0.00508022
133 0.00674778
133.5 0.00841534
134 0.00999301
134.5 0.0149957
135 0.0200883
135.5 0.0283238
136 0.0364695
136.5 0.0458209
137 0.0570072
137.5 0.0683981
138 0.0794946
138.5 0.0929901
139 0.108615
139.5 0.122213
140 0.138402
140.5 0.160301
141 0.182878
141.5 0.213102
142 0.251124
142.5 0.280911
143 0.321704
143.5 0.381997
144 0.444469
144.5 0.496731
145 0.551098
145.5 0.606899
146 0.662933
146.5 0.714386
147 0.758155
147.5 0.798397
148 0.826851
148.5 0.874944
149 0.93294
149.5 0.955607
150 0.990961
150.5 1.0198
151 1.05714
151.5 1.07121
152 1.08686
152.5 1.09808
153 1.09251
153.5 1.11892
154 1.11733
154.5 1.1394
155 1.15528
155.5 1.17015
156 1.18703
156.5 1.19528
157 1.19625
157.5 1.18905
158 1.19158
158.5 1.19635
159 1.20002
159.5 1.19051
160 1.19657
160.5 1.19197
161 1.20934
161.5 1.20478
162 1.2098
162.5 1.19848
163 1.21457
163.5 1.22681
164 1.20942
164.5 1.08571
165 0.925141
165.5 0.788751
166 0.640238
166.5 0.495677
167 0.316494
167.5 0.161531
168 0.0236807
168.5 0
169 0
169.5 0
170 0
170.5 0
171 0
171.5 0
172 0
172.5 0
173 0
173.5 0
174 0
174.5 0
175 0
175.5 0
176 0
176.5 0
177 0
177.5 0
178 0
178.5 0
179 0
179.5 0
180 0
180.5 0
181 0
181.5 0
182 0
182.5 0
183 0
183.5 0
184 0
184.5 0
185 0
185.5 0
186 0
186.5 0
187 0
187.5 0
188 0
188.5 0
